Type III ANOVA table for covariates: starvation
                 Df Sum of Sq   RSS    AIC F value Pr(>F)
<none>                        15975 893.32               
factor(wolba)     1     3.041 15978 891.35  0.0354 0.8509
factor(In_2L_t)   2   299.141 16274 892.99  1.7415 0.1781
factor(In_2R_NS)  2   243.044 16218 892.31  1.4149 0.2455
factor(In_3R_P)   2   230.105 16205 892.15  1.3396 0.2645
factor(In_3R_K)   2   288.050 16263 892.85  1.6770 0.1898
factor(In_3R_Mo)  2   207.445 16182 891.87  1.2077 0.3012


Estimated effects
                    Estimate Std. Error    t value     Pr(>|t|)
(Intercept)       45.6614374   1.157976 39.4321227 2.909220e-92
factor(wolba)y    -0.2574606   1.368248 -0.1881681 8.509500e-01
factor(In_2L_t)1   1.7198329   2.311372  0.7440744 4.577704e-01
factor(In_2L_t)2  -3.7780449   2.348592 -1.6086422 1.093906e-01
factor(In_2R_NS)1 -1.0811449   3.443957 -0.3139252 7.539297e-01
factor(In_2R_NS)2  5.8594026   3.595753  1.6295343 1.048923e-01
factor(In_3R_P)1  -2.0731924   3.879580 -0.5343858 5.937128e-01
factor(In_3R_P)2   7.1994131   4.718118  1.5259077 1.287315e-01
factor(In_3R_K)1   5.3513957   3.043456  1.7583284 8.033635e-02
factor(In_3R_K)2   3.7673764   6.668091  0.5649857 5.727643e-01
factor(In_3R_Mo)1 -3.0569154   3.189101 -0.9585510 3.390293e-01
factor(In_3R_Mo)2 -3.0977753   2.402719 -1.2892793 1.989020e-01


[1] "loop"
[1] "loop"
[1] "loop"
[1] "loop"
[1] "loop"
[1] "loop"
[1] "loop"
[1] "loop"
[1] "loop"
[1] "loop"
[1] "loop"
[1] "loop"
[1] "loop"
[1] "loop"
[1] "loop"
[1] "loop"
[1] "loop"
[1] "loop"
[1] "loop"
[1] "loop"
[1] "loop"
[1] "loop"
[1] "loop"
[1] "loop"
[1] "loop"
[1] "loop"
[1] "loop"
[1] "loop"
[1] "loop"
[1] "loop"
[1] "loop"
[1] "loop"
[1] "loop"
[1] "loop"
[1] "loop"
[1] "loop"
[1] "loop"
[1] "loop"
[1] "loop"
[1] "loop"
[1] "loop"
[1] "loop"
[1] "loop"
[1] "loop"
[1] "loop"
[1] "loop"
[1] "loop"
[1] "loop"
[1] "loop"
[1] "loop"
